    9.3e-77  262.3   1.0    1.1e-76  262.1   1.0    1.0  1  NODE_25953_length_995_cov_0.852535_1    # 407 # 994 # 1 # ID=25953_1;par
    9.6e-57  196.6   0.0      1e-56  196.5   0.0    1.0  1  NODE_50793_length_606_cov_0.586639_1    # 2 # 478 # 1 # ID=50793_1;parti
    1.2e-20   78.1   0.4    2.1e-20   77.2   0.4    1.3  1  NODE_3041_length_4564_cov_0.935993_2    # 910 # 1791 # -1 # ID=3041_2;pa
    1.9e-10   44.6   0.0    1.7e-08   38.2   0.0    2.1  2  NODE_1031_length_10147_cov_1.323852_3   # 1377 # 2279 # 1 # ID=1031_3;pa
    1.9e-10   44.6   0.1    2.6e-10   44.1   0.1    1.1  1  NODE_1715_length_7044_cov_1.294058_5    # 5824 # 6606 # -1 # ID=1715_5;p
    4.4e-10   43.4   0.0    5.5e-10   43.1   0.0    1.1  1  NODE_38222_length_747_cov_0.174194_1    # 1 # 747 # 1 # ID=38222_1;parti
    9.8e-10   42.2   6.0    4.4e-08   36.8   0.8    2.4  2  NODE_10681_length_1854_cov_0.433700_2   # 182 # 1258 # -1 # ID=10681_2;p
      6e-08   36.4   0.1    1.1e-07   35.5   0.1    1.4  1  NODE_12227_length_1692_cov_0.685623_2   # 96 # 1211 # 1 # ID=12227_2;par
    1.3e-06   31.9   0.0    1.9e-05   28.2   0.0    2.2  2  NODE_551_length_15325_cov_2.305238_9    # 7632 # 8507 # 1 # ID=551_9;par
    3.6e-06   30.5   0.7    4.4e-06   30.2   0.7    1.1  1  NODE_39756_length_725_cov_0.379599_1    # 3 # 725 # 1 # ID=39756_1;parti
      3e-05   27.5   0.2      4e-05   27.1   0.2    1.2  1  NODE_7268_length_2414_cov_0.785746_3    # 1494 # 2135 # -1 # ID=7268_3;p
    5.6e-05   26.6   0.0    0.00016   25.1   0.0    1.7  1  NODE_19_length_107707_cov_6.734997_78   # 82362 # 84545 # 1 # ID=19_78;p
     0.0001   25.7   0.5    0.00064   23.1   0.5    1.9  1  NODE_61559_length_532_cov_0.165432_1    # 3 # 530 # 1 # ID=61559_1;parti
    0.00011   25.6   0.0     0.0003   24.2   0.0    1.6  1  NODE_74961_length_470_cov_0.367347_1    # 3 # 470 # 1 # ID=74961_1;parti
    0.00013   25.4   0.1    0.00016   25.1   0.1    1.0  1  NODE_90566_length_422_cov_0.328814_1    # 2 # 421 # -1 # ID=90566_1;part
    0.00013   25.4   0.0    0.00018   25.0   0.0    1.1  1  NODE_179310_length_300_cov_0.410405_1   # 2 # 298 # -1 # ID=179310_1;par
    0.00013   25.4   0.0    0.00016   25.1   0.0    1.1  1  NODE_28511_length_930_cov_0.292653_1    # 1 # 546 # 1 # ID=28511_1;parti
    0.00014   25.3   0.0       0.98   12.7   0.0    2.2  2  NODE_11_length_141458_cov_2.804947_55   # 58799 # 59770 # 1 # ID=11_55;p
    0.00015   25.2   0.3      0.007   19.7   0.0    2.2  2  NODE_64_length_49492_cov_2.707282_27    # 27647 # 29722 # -1 # ID=64_27;
    0.00017   25.0   0.0    0.00024   24.5   0.0    1.2  1  NODE_35709_length_787_cov_0.234848_1    # 2 # 787 # 1 # ID=35709_1;parti
     0.0003   24.2   0.0    0.00046   23.6   0.0    1.2  1  NODE_30_length_82561_cov_2.809896_4     # 2892 # 3731 # -1 # ID=30_4;par
     0.0004   23.8   0.0    0.00044   23.7   0.0    1.0  1  NODE_106944_length_387_cov_0.123077_1   # 1 # 387 # 1 # ID=106944_1;part
    0.00047   23.6   0.0        2.4   11.4   0.0    2.1  2  NODE_6273_length_2682_cov_0.881409_4    # 1762 # 2625 # -1 # ID=6273_4;p
    0.00058   23.3   0.0        2.7   11.2   0.0    2.1  2  NODE_354_length_20167_cov_1.485080_9    # 9284 # 10282 # -1 # ID=354_9;p
    0.00065   23.1   0.1     0.0011   22.4   0.1    1.3  1  NODE_3_length_218256_cov_2.701232_79    # 92702 # 95002 # 1 # ID=3_79;pa
     0.0008   22.8   0.8     0.0036   20.7   0.8    1.9  1  NODE_1397_length_8153_cov_0.963743_1    # 177 # 701 # 1 # ID=1397_1;part
     0.0013   22.2   0.1     0.0019   21.6   0.1    1.2  1  NODE_2141_length_5987_cov_1.041468_2    # 648 # 1547 # 1 # ID=2141_2;par
     0.0013   22.1   0.2       0.43   13.9   0.1    2.2  2  NODE_23_length_94771_cov_2.776964_42    # 43183 # 45207 # 1 # ID=23_42;p
     0.0014   22.0   0.0      0.043   17.1   0.1    2.4  2  NODE_37244_length_762_cov_0.240945_1    # 2 # 760 # 1 # ID=37244_1;parti
     0.0016   21.9   0.0        3.5   10.9   0.0    2.4  2  NODE_27_length_89729_cov_7.918317_60    # 67223 # 69127 # -1 # ID=27_60;
     0.0017   21.8   0.0     0.0023   21.3   0.0    1.1  1  NODE_68916_length_494_cov_0.569482_1    # 1 # 492 # 1 # ID=68916_1;parti
     0.0017   21.7   0.1     0.0017   21.7   0.1    1.2  1  NODE_185663_length_295_cov_0.285714_1   # 2 # 295 # 1 # ID=185663_1;part
     0.0019   21.6   0.0     0.0026   21.2   0.0    1.1  1  NODE_15305_length_1447_cov_0.456061_2   # 89 # 1003 # 1 # ID=15305_2;par
     0.0022   21.4   0.8     0.0035   20.7   0.0    1.7  1  NODE_10271_length_1903_cov_0.328266_1   # 197 # 1903 # -1 # ID=10271_1;p
     0.0026   21.1   0.0      0.004   20.5   0.0    1.2  1  NODE_2599_length_5147_cov_1.119920_1    # 3 # 878 # 1 # ID=2599_1;partia
     0.0027   21.1   0.0     0.0036   20.7   0.0    1.1  1  NODE_5762_length_2862_cov_0.563803_2    # 272 # 1120 # -1 # ID=5762_2;pa
     0.0027   21.1   0.9        7.3    9.8   0.1    2.2  2  NODE_3523_length_4114_cov_0.837221_1    # 191 # 2350 # 1 # ID=3523_1;par
      0.004   20.5   0.1     0.0068   19.8   0.1    1.3  1  NODE_446_length_17440_cov_2.699821_4    # 1848 # 2702 # -1 # ID=446_4;pa
     0.0041   20.5   0.1        2.8   11.2   0.1    2.1  2  NODE_52687_length_591_cov_0.269397_1    # 1 # 591 # -1 # ID=52687_1;part
     0.0041   20.5   0.0      0.007   19.7   0.0    1.4  1  NODE_94703_length_412_cov_0.277193_1    # 3 # 410 # 1 # ID=94703_1;parti
     0.0046   20.3   0.0     0.0073   19.7   0.0    1.2  1  NODE_8696_length_2131_cov_0.630240_2    # 1252 # 2106 # 1 # ID=8696_2;pa
     0.0048   20.3   0.0     0.0053   20.1   0.0    1.1  1  NODE_146477_length_331_cov_0.573529_1   # 2 # 331 # 1 # ID=146477_1;part
      0.005   20.2   0.1     0.0088   19.4   0.1    1.3  1  NODE_13819_length_1554_cov_0.626489_2   # 655 # 1554 # -1 # ID=13819_2;p
     0.0055   20.1   0.0      0.051   16.9   0.0    1.9  2  NODE_37721_length_754_cov_0.261563_1    # 60 # 701 # 1 # ID=37721_1;part
     0.0055   20.1   0.1      0.067   16.5   0.0    2.1  2  NODE_6996_length_2477_cov_0.422979_2    # 861 # 2126 # 1 # ID=6996_2;par
     0.0062   19.9   0.0     0.0074   19.6   0.0    1.1  1  NODE_191110_length_292_cov_0.072727_1   # 1 # 291 # 1 # ID=191110_1;part
     0.0063   19.9   0.0        2.5   11.4   0.0    2.5  2  NODE_7479_length_2368_cov_0.376618_2    # 783 # 1721 # 1 # ID=7479_2;par
     0.0063   19.9   0.0     0.0075   19.6   0.0    1.0  1  NODE_160176_length_317_cov_0.373684_1   # 2 # 316 # 1 # ID=160176_1;part
     0.0065   19.8   0.0          5   10.4   0.0    2.5  2  NODE_4_length_206527_cov_8.220058_160   # 175713 # 177023 # 1 # ID=4_160
     0.0071   19.7   0.0     0.0089   19.4   0.0    1.1  1  NODE_12362_length_1680_cov_0.712814_1   # 3 # 479 # 1 # ID=12362_1;parti
      0.008   19.5   0.0      0.012   19.0   0.0    1.2  1  NODE_1136_length_9487_cov_1.514530_2    # 841 # 1695 # 1 # ID=1136_2;par
      0.008   19.5   0.0      0.008   19.5   0.0    1.1  1  NODE_92950_length_416_cov_0.411765_1    # 46 # 414 # -1 # ID=92950_1;par
     0.0083   19.5   0.0     0.0094   19.3   0.0    1.1  1  NODE_1279_length_8694_cov_1.030349_2    # 224 # 871 # -1 # ID=1279_2;par
     0.0095   19.3   0.0      0.012   18.9   0.0    1.1  1  NODE_29536_length_907_cov_0.214103_1    # 281 # 907 # -1 # ID=29536_1;pa
