Running pplacer v1.1.alpha19-0-g807f6f3 analysis on ./checkm/storage/tree/concatenated.fasta...
Didn't find any reference sequences in given alignment file. Using supplied reference alignment.
Pre-masking sequences... sequence length cut from 6988 to 6833.
Warning: pplacer results make the most sense when the given tree is multifurcating at the root. See manual for details.
Determining figs... figs disabled.
Allocating memory for internal nodes... done.
Caching likelihood information on reference tree... done.
Pulling exponents... done.
Preparing the edges for baseball... done.
working on SRR7082967_bin.6 (1/24)...
working on SRR7082967_bin.3 (2/24)...
working on SRR7082967_bin.10 (3/24)...
working on SRR7082967_bin.4 (4/24)...
working on SRR7082967_bin.26 (5/24)...
working on SRR7082967_bin.22 (6/24)...
working on SRR7082967_bin.11 (7/24)...
working on SRR7082967_bin.16 (8/24)...
working on SRR7082967_bin.13 (9/24)...
working on SRR7082967_bin.7 (10/24)...
working on SRR7082967_bin.17 (11/24)...
working on SRR7082967_bin.23 (12/24)...
working on SRR7082967_bin.19 (13/24)...
working on SRR7082967_bin.29 (14/24)...
working on SRR7082967_bin.18 (15/24)...
working on SRR7082967_bin.28 (16/24)...
working on SRR7082967_bin.25 (17/24)...
working on SRR7082967_bin.27 (18/24)...
working on SRR7082967_bin.8 (19/24)...
working on SRR7082967_bin.2 (20/24)...
working on SRR7082967_bin.12 (21/24)...
working on SRR7082967_bin.15 (22/24)...
working on SRR7082967_bin.9 (23/24)...
working on SRR7082967_bin.20 (24/24)...
